{"name": "test_second", "status": "failed", "statusDetails": {"message": "AssertionError: assert False\n +  where False = <bound method HotelsPage.is_at_page of <Project.pages.HotelsPage.HotelsPage object at 0x000001F6B3F03A60>>()\n +    where <bound method HotelsPage.is_at_page of <Project.pages.HotelsPage.HotelsPage object at 0x000001F6B3F03A60>> = <Project.pages.HotelsPage.HotelsPage object at 0x000001F6B3F03A60>.is_at_page\n +      where <Project.pages.HotelsPage.HotelsPage object at 0x000001F6B3F03A60> = <Project.tests.test_class.TestClass object at 0x000001F6B3F10F10>.hotels_page", "trace": "self = <Project.tests.test_class.TestClass object at 0x000001F6B3F10F10>\ndriver = <selenium.webdriver.chrome.webdriver.WebDriver (session=\"16e9eb599ed1ff269984581325fb9187\")>\n\n    @allure.feature(\"booking.com tests\")\n    @allure.story(\"Check the hotels prices\")\n    @allure.severity(\"critical\")\n    def test_second(self, driver):\n        try:\n            self.home_page = HomePage(driver)\n            self.home_page.open_page()\n            self.home_page.click_first_hotel_bunner()\n    \n            self.hotels_page = HotelsPage(driver)\n>           assert self.hotels_page.is_at_page()\nE           assert False\nE            +  where False = <bound method HotelsPage.is_at_page of <Project.pages.HotelsPage.HotelsPage object at 0x000001F6B3F03A60>>()\nE            +    where <bound method HotelsPage.is_at_page of <Project.pages.HotelsPage.HotelsPage object at 0x000001F6B3F03A60>> = <Project.pages.HotelsPage.HotelsPage object at 0x000001F6B3F03A60>.is_at_page\nE            +      where <Project.pages.HotelsPage.HotelsPage object at 0x000001F6B3F03A60> = <Project.tests.test_class.TestClass object at 0x000001F6B3F10F10>.hotels_page\n\nProject\\tests\\test_class.py:32: AssertionError"}, "steps": [{"name": "Take a screen", "status": "passed", "attachments": [{"name": "screenshot", "source": "09f0d64d-e394-4cb4-9305-680079e73ca4-attachment.png", "type": "image/png"}], "start": 1595859757823, "stop": 1595859758969}], "start": 1595859752845, "stop": 1595859758970, "uuid": "49671d31-406a-4381-8be0-4e1522e3c9ab", "historyId": "af657429174ae7efb39650cb4dccaa76", "testCaseId": "6b1605021457245a01a849f7fbc0e927", "fullName": "Project.tests.test_class.TestClass#test_second", "labels": [{"name": "story", "value": "Check the hotels prices"}, {"name": "feature", "value": "booking.com tests"}, {"name": "severity", "value": "critical"}, {"name": "parentSuite", "value": "Project.tests"}, {"name": "suite", "value": "test_class"}, {"name": "subSuite", "value": "TestClass"}, {"name": "host", "value": "m-bova-pc"}, {"name": "thread", "value": "4588-MainThread"}, {"name": "framework", "value": "pytest"}, {"name": "language", "value": "cpython3"}, {"name": "package", "value": "Project.tests.test_class"}]}