{
  "uid" : "9b903da0a6b314d2",
  "name" : "test_second[capabilities0]",
  "fullName" : "Project.tests.test_class.TestClass#test_second",
  "historyId" : "675162be877d761081a1fe224fe73fb5",
  "time" : {
    "start" : 1596195626833,
    "stop" : 1596195633344,
    "duration" : 6511
  },
  "status" : "failed",
  "statusMessage" : "AssertionError: assert False\n +  where False = <bound method HotelsPage.is_at_page of <Project.pages.HotelsPage.HotelsPage object at 0x000002581A103FD0>>()\n +    where <bound method HotelsPage.is_at_page of <Project.pages.HotelsPage.HotelsPage object at 0x000002581A103FD0>> = <Project.pages.HotelsPage.HotelsPage object at 0x000002581A103FD0>.is_at_page\n +      where <Project.pages.HotelsPage.HotelsPage object at 0x000002581A103FD0> = <Project.tests.test_class.TestClass object at 0x00000258198FACA0>.hotels_page",
  "statusTrace" : "self = <Project.tests.test_class.TestClass object at 0x00000258198FACA0>\ndriver = <selenium.webdriver.remote.webdriver.WebDriver (session=\"f1c2ee1600e8d9e2f736dad23b4c2d8b\")>\n\n    @allure.feature(\"booking.com tests\")\n    @allure.story(\"Check the hotels prices\")\n    @allure.severity(\"critical\")\n    def test_second(self, driver):\n        browser_name = driver.capabilities['browserName']\n        sys.stderr.write(f\"The test is running by {browser_name} \")\n    \n        try:\n            self.home_page = HomePage(driver)\n            self.home_page.open_page()\n            self.home_page.click_first_hotel_bunner()\n    \n            self.hotels_page = HotelsPage(driver)\n>           assert self.hotels_page.is_at_page()\nE           assert False\nE            +  where False = <bound method HotelsPage.is_at_page of <Project.pages.HotelsPage.HotelsPage object at 0x000002581A103FD0>>()\nE            +    where <bound method HotelsPage.is_at_page of <Project.pages.HotelsPage.HotelsPage object at 0x000002581A103FD0>> = <Project.pages.HotelsPage.HotelsPage object at 0x000002581A103FD0>.is_at_page\nE            +      where <Project.pages.HotelsPage.HotelsPage object at 0x000002581A103FD0> = <Project.tests.test_class.TestClass object at 0x00000258198FACA0>.hotels_page\n\nProject\\tests\\test_class.py:40: AssertionError",
  "flaky" : false,
  "newFailed" : false,
  "beforeStages" : [ {
    "name" : "capabilities",
    "time" : {
      "start" : 1596195623735,
      "stop" : 1596195623735,
      "duration" : 0
    },
    "status" : "passed",
    "steps" : [ ],
    "attachments" : [ ],
    "parameters" : [ ],
    "stepsCount" : 0,
    "hasContent" : false,
    "shouldDisplayMessage" : false,
    "attachmentsCount" : 0
  }, {
    "name" : "driver",
    "time" : {
      "start" : 1596195623735,
      "stop" : 1596195626832,
      "duration" : 3097
    },
    "status" : "passed",
    "steps" : [ ],
    "attachments" : [ ],
    "parameters" : [ ],
    "stepsCount" : 0,
    "hasContent" : false,
    "shouldDisplayMessage" : false,
    "attachmentsCount" : 0
  } ],
  "testStage" : {
    "status" : "failed",
    "statusMessage" : "AssertionError: assert False\n +  where False = <bound method HotelsPage.is_at_page of <Project.pages.HotelsPage.HotelsPage object at 0x000002581A103FD0>>()\n +    where <bound method HotelsPage.is_at_page of <Project.pages.HotelsPage.HotelsPage object at 0x000002581A103FD0>> = <Project.pages.HotelsPage.HotelsPage object at 0x000002581A103FD0>.is_at_page\n +      where <Project.pages.HotelsPage.HotelsPage object at 0x000002581A103FD0> = <Project.tests.test_class.TestClass object at 0x00000258198FACA0>.hotels_page",
    "statusTrace" : "self = <Project.tests.test_class.TestClass object at 0x00000258198FACA0>\ndriver = <selenium.webdriver.remote.webdriver.WebDriver (session=\"f1c2ee1600e8d9e2f736dad23b4c2d8b\")>\n\n    @allure.feature(\"booking.com tests\")\n    @allure.story(\"Check the hotels prices\")\n    @allure.severity(\"critical\")\n    def test_second(self, driver):\n        browser_name = driver.capabilities['browserName']\n        sys.stderr.write(f\"The test is running by {browser_name} \")\n    \n        try:\n            self.home_page = HomePage(driver)\n            self.home_page.open_page()\n            self.home_page.click_first_hotel_bunner()\n    \n            self.hotels_page = HotelsPage(driver)\n>           assert self.hotels_page.is_at_page()\nE           assert False\nE            +  where False = <bound method HotelsPage.is_at_page of <Project.pages.HotelsPage.HotelsPage object at 0x000002581A103FD0>>()\nE            +    where <bound method HotelsPage.is_at_page of <Project.pages.HotelsPage.HotelsPage object at 0x000002581A103FD0>> = <Project.pages.HotelsPage.HotelsPage object at 0x000002581A103FD0>.is_at_page\nE            +      where <Project.pages.HotelsPage.HotelsPage object at 0x000002581A103FD0> = <Project.tests.test_class.TestClass object at 0x00000258198FACA0>.hotels_page\n\nProject\\tests\\test_class.py:40: AssertionError",
    "steps" : [ {
      "name" : "Take a screen",
      "time" : {
        "start" : 1596195632098,
        "stop" : 1596195633344,
        "duration" : 1246
      },
      "status" : "passed",
      "steps" : [ ],
      "attachments" : [ {
        "uid" : "10ad7d7c35a4501",
        "name" : "screenshot",
        "source" : "10ad7d7c35a4501.png",
        "type" : "image/png",
        "size" : 342901
      } ],
      "parameters" : [ ],
      "stepsCount" : 0,
      "hasContent" : true,
      "shouldDisplayMessage" : false,
      "attachmentsCount" : 1
    } ],
    "attachments" : [ ],
    "parameters" : [ ],
    "stepsCount" : 1,
    "hasContent" : true,
    "shouldDisplayMessage" : true,
    "attachmentsCount" : 1
  },
  "afterStages" : [ {
    "name" : "driver::0",
    "time" : {
      "start" : 1596195633420,
      "stop" : 1596195633478,
      "duration" : 58
    },
    "status" : "passed",
    "steps" : [ ],
    "attachments" : [ ],
    "parameters" : [ ],
    "stepsCount" : 0,
    "hasContent" : false,
    "shouldDisplayMessage" : false,
    "attachmentsCount" : 0
  } ],
  "labels" : [ {
    "name" : "story",
    "value" : "Check the hotels prices"
  }, {
    "name" : "severity",
    "value" : "critical"
  }, {
    "name" : "feature",
    "value" : "booking.com tests"
  }, {
    "name" : "parentSuite",
    "value" : "Project.tests"
  }, {
    "name" : "suite",
    "value" : "test_class"
  }, {
    "name" : "subSuite",
    "value" : "TestClass"
  }, {
    "name" : "host",
    "value" : "m-bova-pc"
  }, {
    "name" : "thread",
    "value" : "22520-MainThread"
  }, {
    "name" : "framework",
    "value" : "pytest"
  }, {
    "name" : "language",
    "value" : "cpython3"
  }, {
    "name" : "package",
    "value" : "Project.tests.test_class"
  }, {
    "name" : "resultFormat",
    "value" : "allure2"
  } ],
  "parameters" : [ {
    "name" : "capabilities",
    "value" : "{'browserName': 'chrome'}"
  } ],
  "links" : [ ],
  "hidden" : true,
  "retry" : true,
  "extra" : {
    "categories" : [ ],
    "tags" : [ ]
  },
  "source" : "9b903da0a6b314d2.json",
  "parameterValues" : [ "{'browserName': 'chrome'}" ]
}