{
  "uid" : "b497f98eb80eaba5",
  "name" : "test_second[capabilities0]",
  "fullName" : "Project.tests.test_class.TestClass#test_second",
  "historyId" : "675162be877d761081a1fe224fe73fb5",
  "time" : {
    "start" : 1596456516782,
    "stop" : 1596456538597,
    "duration" : 21815
  },
  "status" : "broken",
  "statusMessage" : "selenium.common.exceptions.TimeoutException: Message:",
  "statusTrace" : "self = <Project.tests.test_class.TestClass object at 0x000002079F3FF8E0>\ndriver = <selenium.webdriver.remote.webdriver.WebDriver (session=\"6f93388bcfc56330ce87891f2689c27e\")>\n\n    @allure.feature(\"booking.com tests\")\n    @allure.story(\"Check the hotels prices\")\n    @allure.severity(\"critical\")\n    def test_second(self, driver):\n        browser_name = driver.capabilities['browserName']\n        sys.stderr.write(f\"The test is running by {browser_name} \")\n    \n        try:\n            self.home_page = HomePage(driver)\n            self.home_page.open_page()\n>           self.home_page.click_first_hotel_bunner()\n\nProject\\tests\\test_class.py:37: \n_ _ _ _ _ _ _ _ _ _ _ _ _ _ _ _ _ _ _ _ _ _ _ _ _ _ _ _ _ _ _ _ _ _ _ _ _ _ _ _\nProject\\pages\\HomePage.py:49: in click_first_hotel_bunner\n    self.wait_to_be_clickable(self.first_hotel_bunner)\nProject\\pages\\BasePage.py:20: in wait_to_be_clickable\n    self.wait.until(cond.element_to_be_clickable((page_element.get_locator_type(), page_element.get_locator())))\n_ _ _ _ _ _ _ _ _ _ _ _ _ _ _ _ _ _ _ _ _ _ _ _ _ _ _ _ _ _ _ _ _ _ _ _ _ _ _ _\n\nself = <selenium.webdriver.support.wait.WebDriverWait (session=\"6f93388bcfc56330ce87891f2689c27e\")>\nmethod = <selenium.webdriver.support.expected_conditions.element_to_be_clickable object at 0x000002079F47D340>\nmessage = ''\n\n    def until(self, method, message=''):\n        \"\"\"Calls the method provided with the driver as an argument until the \\\n        return value is not False.\"\"\"\n        screen = None\n        stacktrace = None\n    \n        end_time = time.time() + self._timeout\n        while True:\n            try:\n                value = method(self._driver)\n                if value:\n                    return value\n            except self._ignored_exceptions as exc:\n                screen = getattr(exc, 'screen', None)\n                stacktrace = getattr(exc, 'stacktrace', None)\n            time.sleep(self._poll)\n            if time.time() > end_time:\n                break\n>       raise TimeoutException(message, screen, stacktrace)\nE       selenium.common.exceptions.TimeoutException: Message:\n\nvenv\\lib\\site-packages\\selenium\\webdriver\\support\\wait.py:80: TimeoutException",
  "flaky" : false,
  "newFailed" : false,
  "beforeStages" : [ {
    "name" : "capabilities",
    "time" : {
      "start" : 1596456513120,
      "stop" : 1596456513120,
      "duration" : 0
    },
    "status" : "passed",
    "steps" : [ ],
    "attachments" : [ ],
    "parameters" : [ ],
    "stepsCount" : 0,
    "hasContent" : false,
    "shouldDisplayMessage" : false,
    "attachmentsCount" : 0
  }, {
    "name" : "driver",
    "time" : {
      "start" : 1596456513120,
      "stop" : 1596456516780,
      "duration" : 3660
    },
    "status" : "passed",
    "steps" : [ ],
    "attachments" : [ ],
    "parameters" : [ ],
    "stepsCount" : 0,
    "hasContent" : false,
    "shouldDisplayMessage" : false,
    "attachmentsCount" : 0
  } ],
  "testStage" : {
    "status" : "broken",
    "statusMessage" : "selenium.common.exceptions.TimeoutException: Message:",
    "statusTrace" : "self = <Project.tests.test_class.TestClass object at 0x000002079F3FF8E0>\ndriver = <selenium.webdriver.remote.webdriver.WebDriver (session=\"6f93388bcfc56330ce87891f2689c27e\")>\n\n    @allure.feature(\"booking.com tests\")\n    @allure.story(\"Check the hotels prices\")\n    @allure.severity(\"critical\")\n    def test_second(self, driver):\n        browser_name = driver.capabilities['browserName']\n        sys.stderr.write(f\"The test is running by {browser_name} \")\n    \n        try:\n            self.home_page = HomePage(driver)\n            self.home_page.open_page()\n>           self.home_page.click_first_hotel_bunner()\n\nProject\\tests\\test_class.py:37: \n_ _ _ _ _ _ _ _ _ _ _ _ _ _ _ _ _ _ _ _ _ _ _ _ _ _ _ _ _ _ _ _ _ _ _ _ _ _ _ _\nProject\\pages\\HomePage.py:49: in click_first_hotel_bunner\n    self.wait_to_be_clickable(self.first_hotel_bunner)\nProject\\pages\\BasePage.py:20: in wait_to_be_clickable\n    self.wait.until(cond.element_to_be_clickable((page_element.get_locator_type(), page_element.get_locator())))\n_ _ _ _ _ _ _ _ _ _ _ _ _ _ _ _ _ _ _ _ _ _ _ _ _ _ _ _ _ _ _ _ _ _ _ _ _ _ _ _\n\nself = <selenium.webdriver.support.wait.WebDriverWait (session=\"6f93388bcfc56330ce87891f2689c27e\")>\nmethod = <selenium.webdriver.support.expected_conditions.element_to_be_clickable object at 0x000002079F47D340>\nmessage = ''\n\n    def until(self, method, message=''):\n        \"\"\"Calls the method provided with the driver as an argument until the \\\n        return value is not False.\"\"\"\n        screen = None\n        stacktrace = None\n    \n        end_time = time.time() + self._timeout\n        while True:\n            try:\n                value = method(self._driver)\n                if value:\n                    return value\n            except self._ignored_exceptions as exc:\n                screen = getattr(exc, 'screen', None)\n                stacktrace = getattr(exc, 'stacktrace', None)\n            time.sleep(self._poll)\n            if time.time() > end_time:\n                break\n>       raise TimeoutException(message, screen, stacktrace)\nE       selenium.common.exceptions.TimeoutException: Message:\n\nvenv\\lib\\site-packages\\selenium\\webdriver\\support\\wait.py:80: TimeoutException",
    "steps" : [ {
      "name" : "Take a screen",
      "time" : {
        "start" : 1596456538279,
        "stop" : 1596456538597,
        "duration" : 318
      },
      "status" : "passed",
      "steps" : [ ],
      "attachments" : [ {
        "uid" : "d58806a6d3f0f0f8",
        "name" : "screenshot",
        "source" : "d58806a6d3f0f0f8.png",
        "type" : "image/png",
        "size" : 485760
      } ],
      "parameters" : [ ],
      "stepsCount" : 0,
      "hasContent" : true,
      "shouldDisplayMessage" : false,
      "attachmentsCount" : 1
    } ],
    "attachments" : [ ],
    "parameters" : [ ],
    "stepsCount" : 1,
    "hasContent" : true,
    "shouldDisplayMessage" : true,
    "attachmentsCount" : 1
  },
  "afterStages" : [ {
    "name" : "driver::0",
    "time" : {
      "start" : 1596456538677,
      "stop" : 1596456538763,
      "duration" : 86
    },
    "status" : "passed",
    "steps" : [ ],
    "attachments" : [ ],
    "parameters" : [ ],
    "stepsCount" : 0,
    "hasContent" : false,
    "shouldDisplayMessage" : false,
    "attachmentsCount" : 0
  } ],
  "labels" : [ {
    "name" : "feature",
    "value" : "booking.com tests"
  }, {
    "name" : "severity",
    "value" : "critical"
  }, {
    "name" : "story",
    "value" : "Check the hotels prices"
  }, {
    "name" : "parentSuite",
    "value" : "Project.tests"
  }, {
    "name" : "suite",
    "value" : "test_class"
  }, {
    "name" : "subSuite",
    "value" : "TestClass"
  }, {
    "name" : "host",
    "value" : "m-bova-pc"
  }, {
    "name" : "thread",
    "value" : "12604-MainThread"
  }, {
    "name" : "framework",
    "value" : "pytest"
  }, {
    "name" : "language",
    "value" : "cpython3"
  }, {
    "name" : "package",
    "value" : "Project.tests.test_class"
  }, {
    "name" : "resultFormat",
    "value" : "allure2"
  } ],
  "parameters" : [ {
    "name" : "capabilities",
    "value" : "{'browserName': 'chrome'}"
  } ],
  "links" : [ ],
  "hidden" : true,
  "retry" : true,
  "extra" : {
    "categories" : [ ],
    "tags" : [ ]
  },
  "source" : "b497f98eb80eaba5.json",
  "parameterValues" : [ "{'browserName': 'chrome'}" ]
}