{
  "uid" : "b7fea58a9336c33f",
  "name" : "test_second[capabilities1]",
  "fullName" : "Project.tests.test_class.TestClass#test_second",
  "historyId" : "e30b433d8471ec8174c6a17e957d5c74",
  "time" : {
    "start" : 1596456803497,
    "stop" : 1596456803497,
    "duration" : 0
  },
  "status" : "broken",
  "statusMessage" : "selenium.common.exceptions.WebDriverException: Message: permission denied\nBuild info: version: '3.141.59', revision: 'e82be7d358', time: '2018-11-14T08:25:53'\nSystem info: host: 'M-BOVA-PC', ip: '10.7.0.133', os.name: 'Windows 10', os.arch: 'amd64', os.version: '10.0', java.version: '1.8.0_251'\nDriver info: driver.version: unknown\nremote stacktrace: \nStacktrace:\n    at sun.reflect.NativeConstructorAccessorImpl.newInstance0 (None:-2)\n    at sun.reflect.NativeConstructorAccessorImpl.newInstance (None:-1)\n    at sun.reflect.DelegatingConstructorAccessorImpl.newInstance (None:-1)\n    at java.lang.reflect.Constructor.newInstance (None:-1)\n    at org.openqa.selenium.remote.W3CHandshakeResponse.lambda$errorHandler$0 (W3CHandshakeResponse.java:62)\n    at org.openqa.selenium.remote.HandshakeResponse.lambda$getResponseFunction$0 (HandshakeResponse.java:30)\n    at org.openqa.selenium.remote.ProtocolHandshake.lambda$createSession$0 (ProtocolHandshake.java:126)\n    at java.util.stream.ReferencePipeline$3$1.accept (None:-1)\n    at java.util.Spliterators$ArraySpliterator.tryAdvance (None:-1)\n    at java.util.stream.ReferencePipeline.forEachWithCancel (None:-1)\n    at java.util.stream.AbstractPipeline.copyIntoWithCancel (None:-1)\n    at java.util.stream.AbstractPipeline.copyInto (None:-1)\n    at java.util.stream.AbstractPipeline.wrapAndCopyInto (None:-1)\n    at java.util.stream.FindOps$FindOp.evaluateSequential (None:-1)\n    at java.util.stream.AbstractPipeline.evaluate (None:-1)\n    at java.util.stream.ReferencePipeline.findFirst (None:-1)\n    at org.openqa.selenium.remote.ProtocolHandshake.createSession (ProtocolHandshake.java:128)\n    at org.openqa.selenium.remote.ProtocolHandshake.createSession (ProtocolHandshake.java:74)\n    at org.openqa.selenium.grid.session.remote.RemoteSession$Factory.performHandshake (RemoteSession.java:147)\n    at org.openqa.selenium.grid.session.remote.ServicedSession$Factory.apply (ServicedSession.java:161)\n    at org.openqa.selenium.remote.server.ActiveSessionFactory.lambda$apply$12 (ActiveSessionFactory.java:180)\n    at java.util.stream.ReferencePipeline$3$1.accept (None:-1)\n    at java.util.stream.ReferencePipeline$11$1.accept (None:-1)\n    at java.util.stream.ReferencePipeline$2$1.accept (None:-1)\n    at java.util.Spliterators$ArraySpliterator.tryAdvance (None:-1)\n    at java.util.stream.ReferencePipeline.forEachWithCancel (None:-1)\n    at java.util.stream.AbstractPipeline.copyIntoWithCancel (None:-1)\n    at java.util.stream.AbstractPipeline.copyInto (None:-1)\n    at java.util.stream.AbstractPipeline.wrapAndCopyInto (None:-1)\n    at java.util.stream.FindOps$FindOp.evaluateSequential (None:-1)\n    at java.util.stream.AbstractPipeline.evaluate (None:-1)\n    at java.util.stream.ReferencePipeline.findFirst (None:-1)\n    at org.openqa.selenium.remote.server.ActiveSessionFactory.apply (ActiveSessionFactory.java:183)\n    at org.openqa.selenium.remote.server.NewSessionPipeline.lambda$null$2 (NewSessionPipeline.java:66)\n    at java.util.stream.ReferencePipeline$3$1.accept (None:-1)\n    at java.util.stream.ReferencePipeline$2$1.accept (None:-1)\n    at java.util.Collections$2.tryAdvance (None:-1)\n    at java.util.stream.ReferencePipeline.forEachWithCancel (None:-1)\n    at java.util.stream.AbstractPipeline.copyIntoWithCancel (None:-1)\n    at java.util.stream.AbstractPipeline.copyInto (None:-1)\n    at java.util.stream.AbstractPipeline.wrapAndCopyInto (None:-1)\n    at java.util.stream.FindOps$FindOp.evaluateSequential (None:-1)\n    at java.util.stream.AbstractPipeline.evaluate (None:-1)\n    at java.util.stream.ReferencePipeline.findFirst (None:-1)\n    at org.openqa.selenium.remote.server.NewSessionPipeline.lambda$createNewSession$3 (NewSessionPipeline.java:69)\n    at java.util.stream.ReferencePipeline$3$1.accept (None:-1)\n    at java.util.stream.ReferencePipeline$3$1.accept (None:-1)\n    at java.util.stream.ReferencePipeline$3$1.accept (None:-1)\n    at java.util.stream.DistinctOps$1$2.accept (None:-1)\n    at java.util.stream.ReferencePipeline$2$1.accept (None:-1)\n    at java.util.stream.ReferencePipeline$3$1.accept (None:-1)\n    at java.util.stream.ReferencePipeline$2$1.accept (None:-1)\n    at java.util.stream.Streams$StreamBuilderImpl.tryAdvance (None:-1)\n    at java.util.stream.Streams$ConcatSpliterator.tryAdvance (None:-1)\n    at java.util.stream.ReferencePipeline.forEachWithCancel (None:-1)\n    at java.util.stream.AbstractPipeline.copyIntoWithCancel (None:-1)\n    at java.util.stream.AbstractPipeline.copyInto (None:-1)\n    at java.util.stream.AbstractPipeline.wrapAndCopyInto (None:-1)\n    at java.util.stream.FindOps$FindOp.evaluateSequential (None:-1)\n    at java.util.stream.AbstractPipeline.evaluate (None:-1)\n    at java.util.stream.ReferencePipeline.findFirst (None:-1)\n    at org.openqa.selenium.remote.server.NewSessionPipeline.createNewSession (NewSessionPipeline.java:72)\n    at org.openqa.selenium.remote.server.commandhandler.BeginSession.execute (BeginSession.java:65)\n    at org.openqa.selenium.remote.server.WebDriverServlet.lambda$handle$0 (WebDriverServlet.java:235)\n    at java.util.concurrent.Executors$RunnableAdapter.call (None:-1)\n    at java.util.concurrent.FutureTask.run (None:-1)\n    at java.util.concurrent.ThreadPoolExecutor.runWorker (None:-1)\n    at java.util.concurrent.ThreadPoolExecutor$Worker.run (None:-1)\n    at java.lang.Thread.run (None:-1)",
  "statusTrace" : "request = <SubRequest 'driver' for <Function test_second[capabilities1]>>\ncapabilities = {'browserName': 'firefox'}\n\n    @pytest.fixture(scope=\"function\")\n    def driver(request, capabilities):\n        urllib3.disable_warnings(urllib3.exceptions.InsecureRequestWarning)\n>       driver = webdriver.Remote(command_executor='http://localhost:20500/wd/hub', desired_capabilities=capabilities)\n\nProject\\conftest.py:42: \n_ _ _ _ _ _ _ _ _ _ _ _ _ _ _ _ _ _ _ _ _ _ _ _ _ _ _ _ _ _ _ _ _ _ _ _ _ _ _ _\nvenv\\lib\\site-packages\\selenium\\webdriver\\remote\\webdriver.py:157: in __init__\n    self.start_session(capabilities, browser_profile)\nvenv\\lib\\site-packages\\selenium\\webdriver\\remote\\webdriver.py:252: in start_session\n    response = self.execute(Command.NEW_SESSION, parameters)\nvenv\\lib\\site-packages\\selenium\\webdriver\\remote\\webdriver.py:321: in execute\n    self.error_handler.check_response(response)\n_ _ _ _ _ _ _ _ _ _ _ _ _ _ _ _ _ _ _ _ _ _ _ _ _ _ _ _ _ _ _ _ _ _ _ _ _ _ _ _\n\nself = <selenium.webdriver.remote.errorhandler.ErrorHandler object at 0x000002075B6FC220>\nresponse = {'status': 500, 'value': '{\\n  \"value\": {\\n    \"stacktrace\": \"org.openqa.selenium.WebDriverException: permission denie...\\nDriver info: driver.version: unknown\\\\nremote stacktrace: \",\\n    \"error\": \"unknown error\"\\n  },\\n  \"status\": 13\\n}'}\n\n    def check_response(self, response):\n        \"\"\"\n        Checks that a JSON response from the WebDriver does not have an error.\n    \n        :Args:\n         - response - The JSON response from the WebDriver server as a dictionary\n           object.\n    \n        :Raises: If the response contains an error message.\n        \"\"\"\n        status = response.get('status', None)\n        if status is None or status == ErrorCode.SUCCESS:\n            return\n        value = None\n        message = response.get(\"message\", \"\")\n        screen = response.get(\"screen\", \"\")\n        stacktrace = None\n        if isinstance(status, int):\n            value_json = response.get('value', None)\n            if value_json and isinstance(value_json, basestring):\n                import json\n                try:\n                    value = json.loads(value_json)\n                    if len(value.keys()) == 1:\n                        value = value['value']\n                    status = value.get('error', None)\n                    if status is None:\n                        status = value[\"status\"]\n                        message = value[\"value\"]\n                        if not isinstance(message, basestring):\n                            value = message\n                            message = message.get('message')\n                    else:\n                        message = value.get('message', None)\n                except ValueError:\n                    pass\n    \n        exception_class = ErrorInResponseException\n        if status in ErrorCode.NO_SUCH_ELEMENT:\n            exception_class = NoSuchElementException\n        elif status in ErrorCode.NO_SUCH_FRAME:\n            exception_class = NoSuchFrameException\n        elif status in ErrorCode.NO_SUCH_WINDOW:\n            exception_class = NoSuchWindowException\n        elif status in ErrorCode.STALE_ELEMENT_REFERENCE:\n            exception_class = StaleElementReferenceException\n        elif status in ErrorCode.ELEMENT_NOT_VISIBLE:\n            exception_class = ElementNotVisibleException\n        elif status in ErrorCode.INVALID_ELEMENT_STATE:\n            exception_class = InvalidElementStateException\n        elif status in ErrorCode.INVALID_SELECTOR \\\n                or status in ErrorCode.INVALID_XPATH_SELECTOR \\\n                or status in ErrorCode.INVALID_XPATH_SELECTOR_RETURN_TYPER:\n            exception_class = InvalidSelectorException\n        elif status in ErrorCode.ELEMENT_IS_NOT_SELECTABLE:\n            exception_class = ElementNotSelectableException\n        elif status in ErrorCode.ELEMENT_NOT_INTERACTABLE:\n            exception_class = ElementNotInteractableException\n        elif status in ErrorCode.INVALID_COOKIE_DOMAIN:\n            exception_class = InvalidCookieDomainException\n        elif status in ErrorCode.UNABLE_TO_SET_COOKIE:\n            exception_class = UnableToSetCookieException\n        elif status in ErrorCode.TIMEOUT:\n            exception_class = TimeoutException\n        elif status in ErrorCode.SCRIPT_TIMEOUT:\n            exception_class = TimeoutException\n        elif status in ErrorCode.UNKNOWN_ERROR:\n            exception_class = WebDriverException\n        elif status in ErrorCode.UNEXPECTED_ALERT_OPEN:\n            exception_class = UnexpectedAlertPresentException\n        elif status in ErrorCode.NO_ALERT_OPEN:\n            exception_class = NoAlertPresentException\n        elif status in ErrorCode.IME_NOT_AVAILABLE:\n            exception_class = ImeNotAvailableException\n        elif status in ErrorCode.IME_ENGINE_ACTIVATION_FAILED:\n            exception_class = ImeActivationFailedException\n        elif status in ErrorCode.MOVE_TARGET_OUT_OF_BOUNDS:\n            exception_class = MoveTargetOutOfBoundsException\n        elif status in ErrorCode.JAVASCRIPT_ERROR:\n            exception_class = JavascriptException\n        elif status in ErrorCode.SESSION_NOT_CREATED:\n            exception_class = SessionNotCreatedException\n        elif status in ErrorCode.INVALID_ARGUMENT:\n            exception_class = InvalidArgumentException\n        elif status in ErrorCode.NO_SUCH_COOKIE:\n            exception_class = NoSuchCookieException\n        elif status in ErrorCode.UNABLE_TO_CAPTURE_SCREEN:\n            exception_class = ScreenshotException\n        elif status in ErrorCode.ELEMENT_CLICK_INTERCEPTED:\n            exception_class = ElementClickInterceptedException\n        elif status in ErrorCode.INSECURE_CERTIFICATE:\n            exception_class = InsecureCertificateException\n        elif status in ErrorCode.INVALID_COORDINATES:\n            exception_class = InvalidCoordinatesException\n        elif status in ErrorCode.INVALID_SESSION_ID:\n            exception_class = InvalidSessionIdException\n        elif status in ErrorCode.UNKNOWN_METHOD:\n            exception_class = UnknownMethodException\n        else:\n            exception_class = WebDriverException\n        if value == '' or value is None:\n            value = response['value']\n        if isinstance(value, basestring):\n            if exception_class == ErrorInResponseException:\n                raise exception_class(response, value)\n            raise exception_class(value)\n        if message == \"\" and 'message' in value:\n            message = value['message']\n    \n        screen = None\n        if 'screen' in value:\n            screen = value['screen']\n    \n        stacktrace = None\n        if 'stackTrace' in value and value['stackTrace']:\n            stacktrace = []\n            try:\n                for frame in value['stackTrace']:\n                    line = self._value_or_default(frame, 'lineNumber', '')\n                    file = self._value_or_default(frame, 'fileName', '<anonymous>')\n                    if line:\n                        file = \"%s:%s\" % (file, line)\n                    meth = self._value_or_default(frame, 'methodName', '<anonymous>')\n                    if 'className' in frame:\n                        meth = \"%s.%s\" % (frame['className'], meth)\n                    msg = \"    at %s (%s)\"\n                    msg = msg % (meth, file)\n                    stacktrace.append(msg)\n            except TypeError:\n                pass\n        if exception_class == ErrorInResponseException:\n            raise exception_class(response, message)\n        elif exception_class == UnexpectedAlertPresentException:\n            alert_text = None\n            if 'data' in value:\n                alert_text = value['data'].get('text')\n            elif 'alert' in value:\n                alert_text = value['alert'].get('text')\n            raise exception_class(message, screen, stacktrace, alert_text)\n>       raise exception_class(message, screen, stacktrace)\nE       selenium.common.exceptions.WebDriverException: Message: permission denied\nE       Build info: version: '3.141.59', revision: 'e82be7d358', time: '2018-11-14T08:25:53'\nE       System info: host: 'M-BOVA-PC', ip: '10.7.0.133', os.name: 'Windows 10', os.arch: 'amd64', os.version: '10.0', java.version: '1.8.0_251'\nE       Driver info: driver.version: unknown\nE       remote stacktrace: \nE       Stacktrace:\nE           at sun.reflect.NativeConstructorAccessorImpl.newInstance0 (None:-2)\nE           at sun.reflect.NativeConstructorAccessorImpl.newInstance (None:-1)\nE           at sun.reflect.DelegatingConstructorAccessorImpl.newInstance (None:-1)\nE           at java.lang.reflect.Constructor.newInstance (None:-1)\nE           at org.openqa.selenium.remote.W3CHandshakeResponse.lambda$errorHandler$0 (W3CHandshakeResponse.java:62)\nE           at org.openqa.selenium.remote.HandshakeResponse.lambda$getResponseFunction$0 (HandshakeResponse.java:30)\nE           at org.openqa.selenium.remote.ProtocolHandshake.lambda$createSession$0 (ProtocolHandshake.java:126)\nE           at java.util.stream.ReferencePipeline$3$1.accept (None:-1)\nE           at java.util.Spliterators$ArraySpliterator.tryAdvance (None:-1)\nE           at java.util.stream.ReferencePipeline.forEachWithCancel (None:-1)\nE           at java.util.stream.AbstractPipeline.copyIntoWithCancel (None:-1)\nE           at java.util.stream.AbstractPipeline.copyInto (None:-1)\nE           at java.util.stream.AbstractPipeline.wrapAndCopyInto (None:-1)\nE           at java.util.stream.FindOps$FindOp.evaluateSequential (None:-1)\nE           at java.util.stream.AbstractPipeline.evaluate (None:-1)\nE           at java.util.stream.ReferencePipeline.findFirst (None:-1)\nE           at org.openqa.selenium.remote.ProtocolHandshake.createSession (ProtocolHandshake.java:128)\nE           at org.openqa.selenium.remote.ProtocolHandshake.createSession (ProtocolHandshake.java:74)\nE           at org.openqa.selenium.grid.session.remote.RemoteSession$Factory.performHandshake (RemoteSession.java:147)\nE           at org.openqa.selenium.grid.session.remote.ServicedSession$Factory.apply (ServicedSession.java:161)\nE           at org.openqa.selenium.remote.server.ActiveSessionFactory.lambda$apply$12 (ActiveSessionFactory.java:180)\nE           at java.util.stream.ReferencePipeline$3$1.accept (None:-1)\nE           at java.util.stream.ReferencePipeline$11$1.accept (None:-1)\nE           at java.util.stream.ReferencePipeline$2$1.accept (None:-1)\nE           at java.util.Spliterators$ArraySpliterator.tryAdvance (None:-1)\nE           at java.util.stream.ReferencePipeline.forEachWithCancel (None:-1)\nE           at java.util.stream.AbstractPipeline.copyIntoWithCancel (None:-1)\nE           at java.util.stream.AbstractPipeline.copyInto (None:-1)\nE           at java.util.stream.AbstractPipeline.wrapAndCopyInto (None:-1)\nE           at java.util.stream.FindOps$FindOp.evaluateSequential (None:-1)\nE           at java.util.stream.AbstractPipeline.evaluate (None:-1)\nE           at java.util.stream.ReferencePipeline.findFirst (None:-1)\nE           at org.openqa.selenium.remote.server.ActiveSessionFactory.apply (ActiveSessionFactory.java:183)\nE           at org.openqa.selenium.remote.server.NewSessionPipeline.lambda$null$2 (NewSessionPipeline.java:66)\nE           at java.util.stream.ReferencePipeline$3$1.accept (None:-1)\nE           at java.util.stream.ReferencePipeline$2$1.accept (None:-1)\nE           at java.util.Collections$2.tryAdvance (None:-1)\nE           at java.util.stream.ReferencePipeline.forEachWithCancel (None:-1)\nE           at java.util.stream.AbstractPipeline.copyIntoWithCancel (None:-1)\nE           at java.util.stream.AbstractPipeline.copyInto (None:-1)\nE           at java.util.stream.AbstractPipeline.wrapAndCopyInto (None:-1)\nE           at java.util.stream.FindOps$FindOp.evaluateSequential (None:-1)\nE           at java.util.stream.AbstractPipeline.evaluate (None:-1)\nE           at java.util.stream.ReferencePipeline.findFirst (None:-1)\nE           at org.openqa.selenium.remote.server.NewSessionPipeline.lambda$createNewSession$3 (NewSessionPipeline.java:69)\nE           at java.util.stream.ReferencePipeline$3$1.accept (None:-1)\nE           at java.util.stream.ReferencePipeline$3$1.accept (None:-1)\nE           at java.util.stream.ReferencePipeline$3$1.accept (None:-1)\nE           at java.util.stream.DistinctOps$1$2.accept (None:-1)\nE           at java.util.stream.ReferencePipeline$2$1.accept (None:-1)\nE           at java.util.stream.ReferencePipeline$3$1.accept (None:-1)\nE           at java.util.stream.ReferencePipeline$2$1.accept (None:-1)\nE           at java.util.stream.Streams$StreamBuilderImpl.tryAdvance (None:-1)\nE           at java.util.stream.Streams$ConcatSpliterator.tryAdvance (None:-1)\nE           at java.util.stream.ReferencePipeline.forEachWithCancel (None:-1)\nE           at java.util.stream.AbstractPipeline.copyIntoWithCancel (None:-1)\nE           at java.util.stream.AbstractPipeline.copyInto (None:-1)\nE           at java.util.stream.AbstractPipeline.wrapAndCopyInto (None:-1)\nE           at java.util.stream.FindOps$FindOp.evaluateSequential (None:-1)\nE           at java.util.stream.AbstractPipeline.evaluate (None:-1)\nE           at java.util.stream.ReferencePipeline.findFirst (None:-1)\nE           at org.openqa.selenium.remote.server.NewSessionPipeline.createNewSession (NewSessionPipeline.java:72)\nE           at org.openqa.selenium.remote.server.commandhandler.BeginSession.execute (BeginSession.java:65)\nE           at org.openqa.selenium.remote.server.WebDriverServlet.lambda$handle$0 (WebDriverServlet.java:235)\nE           at java.util.concurrent.Executors$RunnableAdapter.call (None:-1)\nE           at java.util.concurrent.FutureTask.run (None:-1)\nE           at java.util.concurrent.ThreadPoolExecutor.runWorker (None:-1)\nE           at java.util.concurrent.ThreadPoolExecutor$Worker.run (None:-1)\nE           at java.lang.Thread.run (None:-1)\n\nvenv\\lib\\site-packages\\selenium\\webdriver\\remote\\errorhandler.py:242: WebDriverException",
  "flaky" : false,
  "newFailed" : false,
  "beforeStages" : [ {
    "name" : "driver",
    "time" : {
      "start" : 1596456803499,
      "stop" : 1596456815704,
      "duration" : 12205
    },
    "status" : "broken",
    "statusMessage" : "selenium.common.exceptions.WebDriverException: Message: permission denied\nBuild info: version: '3.141.59', revision: 'e82be7d358', time: '2018-11-14T08:25:53'\nSystem info: host: 'M-BOVA-PC', ip: '10.7.0.133', os.name: 'Windows 10', os.arch: 'amd64', os.version: '10.0', java.version: '1.8.0_251'\nDriver info: driver.version: unknown\nremote stacktrace: \nStacktrace:\n    at sun.reflect.NativeConstructorAccessorImpl.newInstance0 (None:-2)\n    at sun.reflect.NativeConstructorAccessorImpl.newInstance (None:-1)\n    at sun.reflect.DelegatingConstructorAccessorImpl.newInstance (None:-1)\n    at java.lang.reflect.Constructor.newInstance (None:-1)\n    at org.openqa.selenium.remote.W3CHandshakeResponse.lambda$errorHandler$0 (W3CHandshakeResponse.java:62)\n    at org.openqa.selenium.remote.HandshakeResponse.lambda$getResponseFunction$0 (HandshakeResponse.java:30)\n    at org.openqa.selenium.remote.ProtocolHandshake.lambda$createSession$0 (ProtocolHandshake.java:126)\n    at java.util.stream.ReferencePipeline$3$1.accept (None:-1)\n    at java.util.Spliterators$ArraySpliterator.tryAdvance (None:-1)\n    at java.util.stream.ReferencePipeline.forEachWithCancel (None:-1)\n    at java.util.stream.AbstractPipeline.copyIntoWithCancel (None:-1)\n    at java.util.stream.AbstractPipeline.copyInto (None:-1)\n    at java.util.stream.AbstractPipeline.wrapAndCopyInto (None:-1)\n    at java.util.stream.FindOps$FindOp.evaluateSequential (None:-1)\n    at java.util.stream.AbstractPipeline.evaluate (None:-1)\n    at java.util.stream.ReferencePipeline.findFirst (None:-1)\n    at org.openqa.selenium.remote.ProtocolHandshake.createSession (ProtocolHandshake.java:128)\n    at org.openqa.selenium.remote.ProtocolHandshake.createSession (ProtocolHandshake.java:74)\n    at org.openqa.selenium.grid.session.remote.RemoteSession$Factory.performHandshake (RemoteSession.java:147)\n    at org.openqa.selenium.grid.session.remote.ServicedSession$Factory.apply (ServicedSession.java:161)\n    at org.openqa.selenium.remote.server.ActiveSessionFactory.lambda$apply$12 (ActiveSessionFactory.java:180)\n    at java.util.stream.ReferencePipeline$3$1.accept (None:-1)\n    at java.util.stream.ReferencePipeline$11$1.accept (None:-1)\n    at java.util.stream.ReferencePipeline$2$1.accept (None:-1)\n    at java.util.Spliterators$ArraySpliterator.tryAdvance (None:-1)\n    at java.util.stream.ReferencePipeline.forEachWithCancel (None:-1)\n    at java.util.stream.AbstractPipeline.copyIntoWithCancel (None:-1)\n    at java.util.stream.AbstractPipeline.copyInto (None:-1)\n    at java.util.stream.AbstractPipeline.wrapAndCopyInto (None:-1)\n    at java.util.stream.FindOps$FindOp.evaluateSequential (None:-1)\n    at java.util.stream.AbstractPipeline.evaluate (None:-1)\n    at java.util.stream.ReferencePipeline.findFirst (None:-1)\n    at org.openqa.selenium.remote.server.ActiveSessionFactory.apply (ActiveSessionFactory.java:183)\n    at org.openqa.selenium.remote.server.NewSessionPipeline.lambda$null$2 (NewSessionPipeline.java:66)\n    at java.util.stream.ReferencePipeline$3$1.accept (None:-1)\n    at java.util.stream.ReferencePipeline$2$1.accept (None:-1)\n    at java.util.Collections$2.tryAdvance (None:-1)\n    at java.util.stream.ReferencePipeline.forEachWithCancel (None:-1)\n    at java.util.stream.AbstractPipeline.copyIntoWithCancel (None:-1)\n    at java.util.stream.AbstractPipeline.copyInto (None:-1)\n    at java.util.stream.AbstractPipeline.wrapAndCopyInto (None:-1)\n    at java.util.stream.FindOps$FindOp.evaluateSequential (None:-1)\n    at java.util.stream.AbstractPipeline.evaluate (None:-1)\n    at java.util.stream.ReferencePipeline.findFirst (None:-1)\n    at org.openqa.selenium.remote.server.NewSessionPipeline.lambda$createNewSession$3 (NewSessionPipeline.java:69)\n    at java.util.stream.ReferencePipeline$3$1.accept (None:-1)\n    at java.util.stream.ReferencePipeline$3$1.accept (None:-1)\n    at java.util.stream.ReferencePipeline$3$1.accept (None:-1)\n    at java.util.stream.DistinctOps$1$2.accept (None:-1)\n    at java.util.stream.ReferencePipeline$2$1.accept (None:-1)\n    at java.util.stream.ReferencePipeline$3$1.accept (None:-1)\n    at java.util.stream.ReferencePipeline$2$1.accept (None:-1)\n    at java.util.stream.Streams$StreamBuilderImpl.tryAdvance (None:-1)\n    at java.util.stream.Streams$ConcatSpliterator.tryAdvance (None:-1)\n    at java.util.stream.ReferencePipeline.forEachWithCancel (None:-1)\n    at java.util.stream.AbstractPipeline.copyIntoWithCancel (None:-1)\n    at java.util.stream.AbstractPipeline.copyInto (None:-1)\n    at java.util.stream.AbstractPipeline.wrapAndCopyInto (None:-1)\n    at java.util.stream.FindOps$FindOp.evaluateSequential (None:-1)\n    at java.util.stream.AbstractPipeline.evaluate (None:-1)\n    at java.util.stream.ReferencePipeline.findFirst (None:-1)\n    at org.openqa.selenium.remote.server.NewSessionPipeline.createNewSession (NewSessionPipeline.java:72)\n    at org.openqa.selenium.remote.server.commandhandler.BeginSession.execute (BeginSession.java:65)\n    at org.openqa.selenium.remote.server.WebDriverServlet.lambda$handle$0 (WebDriverServlet.java:235)\n    at java.util.concurrent.Executors$RunnableAdapter.call (None:-1)\n    at java.util.concurrent.FutureTask.run (None:-1)\n    at java.util.concurrent.ThreadPoolExecutor.runWorker (None:-1)\n    at java.util.concurrent.ThreadPoolExecutor$Worker.run (None:-1)\n    at java.lang.Thread.run (None:-1)\n",
    "statusTrace" : "  File \"d:\\projects\\python projects\\booking\\venv\\lib\\site-packages\\pluggy\\callers.py\", line 187, in _multicall\n    res = hook_impl.function(*args)\n  File \"d:\\projects\\python projects\\booking\\venv\\lib\\site-packages\\_pytest\\fixtures.py\", line 964, in pytest_fixture_setup\n    result = call_fixture_func(fixturefunc, request, kwargs)\n  File \"d:\\projects\\python projects\\booking\\venv\\lib\\site-packages\\_pytest\\fixtures.py\", line 788, in call_fixture_func\n    res = next(it)\n  File \"D:\\Projects\\Python Projects\\booking\\Project\\conftest.py\", line 42, in driver\n    driver = webdriver.Remote(command_executor='http://localhost:20500/wd/hub', desired_capabilities=capabilities)\n  File \"d:\\projects\\python projects\\booking\\venv\\lib\\site-packages\\selenium\\webdriver\\remote\\webdriver.py\", line 157, in __init__\n    self.start_session(capabilities, browser_profile)\n  File \"d:\\projects\\python projects\\booking\\venv\\lib\\site-packages\\selenium\\webdriver\\remote\\webdriver.py\", line 252, in start_session\n    response = self.execute(Command.NEW_SESSION, parameters)\n  File \"d:\\projects\\python projects\\booking\\venv\\lib\\site-packages\\selenium\\webdriver\\remote\\webdriver.py\", line 321, in execute\n    self.error_handler.check_response(response)\n  File \"d:\\projects\\python projects\\booking\\venv\\lib\\site-packages\\selenium\\webdriver\\remote\\errorhandler.py\", line 242, in check_response\n    raise exception_class(message, screen, stacktrace)\n",
    "steps" : [ ],
    "attachments" : [ ],
    "parameters" : [ ],
    "stepsCount" : 0,
    "hasContent" : true,
    "shouldDisplayMessage" : true,
    "attachmentsCount" : 0
  }, {
    "name" : "capabilities",
    "time" : {
      "start" : 1596456803498,
      "stop" : 1596456803499,
      "duration" : 1
    },
    "status" : "passed",
    "steps" : [ ],
    "attachments" : [ ],
    "parameters" : [ ],
    "stepsCount" : 0,
    "hasContent" : false,
    "shouldDisplayMessage" : false,
    "attachmentsCount" : 0
  } ],
  "afterStages" : [ ],
  "labels" : [ {
    "name" : "story",
    "value" : "Check the hotels prices"
  }, {
    "name" : "severity",
    "value" : "critical"
  }, {
    "name" : "feature",
    "value" : "booking.com tests"
  }, {
    "name" : "parentSuite",
    "value" : "Project.tests"
  }, {
    "name" : "suite",
    "value" : "test_class"
  }, {
    "name" : "subSuite",
    "value" : "TestClass"
  }, {
    "name" : "host",
    "value" : "m-bova-pc"
  }, {
    "name" : "thread",
    "value" : "16644-MainThread"
  }, {
    "name" : "framework",
    "value" : "pytest"
  }, {
    "name" : "language",
    "value" : "cpython3"
  }, {
    "name" : "package",
    "value" : "Project.tests.test_class"
  }, {
    "name" : "resultFormat",
    "value" : "allure2"
  } ],
  "parameters" : [ {
    "name" : "capabilities",
    "value" : "{'browserName': 'firefox'}"
  } ],
  "links" : [ ],
  "hidden" : true,
  "retry" : true,
  "extra" : {
    "categories" : [ ],
    "tags" : [ ]
  },
  "source" : "b7fea58a9336c33f.json",
  "parameterValues" : [ "{'browserName': 'firefox'}" ]
}