{
  "uid" : "dc99ec1a1c1f057b",
  "name" : "test_first[capabilities0-2]",
  "fullName" : "Project.tests.test_class.TestClass#test_first",
  "historyId" : "d7052beb703c8e5a96a932118cf23981",
  "time" : {
    "start" : 1596456673966,
    "stop" : 1596456705127,
    "duration" : 31161
  },
  "status" : "broken",
  "statusMessage" : "selenium.common.exceptions.TimeoutException: Message:",
  "statusTrace" : "self = <Project.tests.test_class.TestClass object at 0x0000019CFE24F7C0>\ndriver = <selenium.webdriver.remote.webdriver.WebDriver (session=\"88b605a2309a0b5369c60008cee070c9\")>\nnumber_of_children = 2\ncapsys = <_pytest.capture.CaptureFixture object at 0x0000019CFE2CD400>\n\n    @allure.feature(\"booking.com tests\")\n    @allure.story(\"Check the number of children\")\n    @allure.severity(\"critical\")\n    @pytest.mark.parametrize(\"number_of_children\", [2, 3, 4, 5])\n    def test_first(self, driver, number_of_children, capsys):\n        browser_name = driver.capabilities['browserName']\n        sys.stderr.write(f\"The test is running by {browser_name} \")\n    \n        self.home_page = HomePage(driver)\n        self.home_page.open_page()\n        self.home_page.click_guests_dpd()\n    \n>       self.home_page.increase_children_number(number_of_children)\n\nProject\\tests\\test_class.py:23: \n_ _ _ _ _ _ _ _ _ _ _ _ _ _ _ _ _ _ _ _ _ _ _ _ _ _ _ _ _ _ _ _ _ _ _ _ _ _ _ _\nProject\\pages\\HomePage.py:40: in increase_children_number\n    self.wait_to_be_clickable(self.increase_children_number_btn)\nProject\\pages\\BasePage.py:20: in wait_to_be_clickable\n    self.wait.until(cond.element_to_be_clickable((page_element.get_locator_type(), page_element.get_locator())))\n_ _ _ _ _ _ _ _ _ _ _ _ _ _ _ _ _ _ _ _ _ _ _ _ _ _ _ _ _ _ _ _ _ _ _ _ _ _ _ _\n\nself = <selenium.webdriver.support.wait.WebDriverWait (session=\"88b605a2309a0b5369c60008cee070c9\")>\nmethod = <selenium.webdriver.support.expected_conditions.element_to_be_clickable object at 0x0000019CFE2CDE50>\nmessage = ''\n\n    def until(self, method, message=''):\n        \"\"\"Calls the method provided with the driver as an argument until the \\\n        return value is not False.\"\"\"\n        screen = None\n        stacktrace = None\n    \n        end_time = time.time() + self._timeout\n        while True:\n            try:\n                value = method(self._driver)\n                if value:\n                    return value\n            except self._ignored_exceptions as exc:\n                screen = getattr(exc, 'screen', None)\n                stacktrace = getattr(exc, 'stacktrace', None)\n            time.sleep(self._poll)\n            if time.time() > end_time:\n                break\n>       raise TimeoutException(message, screen, stacktrace)\nE       selenium.common.exceptions.TimeoutException: Message:\n\nvenv\\lib\\site-packages\\selenium\\webdriver\\support\\wait.py:80: TimeoutException",
  "flaky" : false,
  "newFailed" : false,
  "beforeStages" : [ {
    "name" : "capabilities",
    "time" : {
      "start" : 1596456668752,
      "stop" : 1596456668752,
      "duration" : 0
    },
    "status" : "passed",
    "steps" : [ ],
    "attachments" : [ ],
    "parameters" : [ ],
    "stepsCount" : 0,
    "hasContent" : false,
    "shouldDisplayMessage" : false,
    "attachmentsCount" : 0
  }, {
    "name" : "driver",
    "time" : {
      "start" : 1596456668752,
      "stop" : 1596456673964,
      "duration" : 5212
    },
    "status" : "passed",
    "steps" : [ ],
    "attachments" : [ ],
    "parameters" : [ ],
    "stepsCount" : 0,
    "hasContent" : false,
    "shouldDisplayMessage" : false,
    "attachmentsCount" : 0
  }, {
    "name" : "capsys",
    "time" : {
      "start" : 1596456673964,
      "stop" : 1596456673964,
      "duration" : 0
    },
    "status" : "passed",
    "steps" : [ ],
    "attachments" : [ ],
    "parameters" : [ ],
    "stepsCount" : 0,
    "hasContent" : false,
    "shouldDisplayMessage" : false,
    "attachmentsCount" : 0
  } ],
  "afterStages" : [ {
    "name" : "driver::0",
    "time" : {
      "start" : 1596456705261,
      "stop" : 1596456705387,
      "duration" : 126
    },
    "status" : "passed",
    "steps" : [ ],
    "attachments" : [ ],
    "parameters" : [ ],
    "stepsCount" : 0,
    "hasContent" : false,
    "shouldDisplayMessage" : false,
    "attachmentsCount" : 0
  }, {
    "name" : "capsys::0",
    "time" : {
      "start" : 1596456705259,
      "stop" : 1596456705259,
      "duration" : 0
    },
    "status" : "passed",
    "steps" : [ ],
    "attachments" : [ ],
    "parameters" : [ ],
    "stepsCount" : 0,
    "hasContent" : false,
    "shouldDisplayMessage" : false,
    "attachmentsCount" : 0
  } ],
  "labels" : [ {
    "name" : "severity",
    "value" : "critical"
  }, {
    "name" : "feature",
    "value" : "booking.com tests"
  }, {
    "name" : "story",
    "value" : "Check the number of children"
  }, {
    "name" : "parentSuite",
    "value" : "Project.tests"
  }, {
    "name" : "suite",
    "value" : "test_class"
  }, {
    "name" : "subSuite",
    "value" : "TestClass"
  }, {
    "name" : "host",
    "value" : "m-bova-pc"
  }, {
    "name" : "thread",
    "value" : "9328-MainThread"
  }, {
    "name" : "framework",
    "value" : "pytest"
  }, {
    "name" : "language",
    "value" : "cpython3"
  }, {
    "name" : "package",
    "value" : "Project.tests.test_class"
  }, {
    "name" : "resultFormat",
    "value" : "allure2"
  } ],
  "parameters" : [ {
    "name" : "capabilities",
    "value" : "{'browserName': 'chrome'}"
  }, {
    "name" : "number_of_children",
    "value" : "2"
  } ],
  "links" : [ ],
  "hidden" : true,
  "retry" : true,
  "extra" : {
    "categories" : [ ],
    "tags" : [ ]
  },
  "source" : "dc99ec1a1c1f057b.json",
  "parameterValues" : [ "{'browserName': 'chrome'}", "2" ]
}